gradle-build/AliyunPusher/pusher_demo/outputs/logs/manifest-merger-debug-report.txt
-- Merging decision tree log ---
manifest
ADDED from src/main/AndroidManifest.xml:1:1-104:12
INJECTED from src/main/AndroidManifest.xml:1:1-104:12
INJECTED from src/main/AndroidManifest.xml:1:1-104:12
INJECTED from src/main/AndroidManifest.xml:1:1-104:12
INJECTED from src/main/AndroidManifest.xml:1:1-104:12
INJECTED from src/main/AndroidManifest.xml:1:1-104:12
INJECTED from src/main/AndroidManifest.xml:1:1-104:12
	package
		ADDED from src/main/AndroidManifest.xml:4:5-41
		INJECTED from src/main/AndroidManifest.xml
		INJECTED from src/main/AndroidManifest.xml
	android:versionName
		INJECTED from src/main/AndroidManifest.xml
		ADDED from src/main/AndroidManifest.xml:1:1-104:12
		INJECTED from src/main/AndroidManifest.xml
	xmlns:tools
		ADDED from src/main/AndroidManifest.xml:2:5-51
	android:versionCode
		INJECTED from src/main/AndroidManifest.xml
		ADDED from src/main/AndroidManifest.xml:1:1-104:12
		INJECTED from src/main/AndroidManifest.xml
	xmlns:android
		ADDED from src/main/AndroidManifest.xml:1:11-69
uses-permission#android.permission.INTERNET
ADDED from src/main/AndroidManifest.xml:6:5-66
	android:name
		ADDED from src/main/AndroidManifest.xml:6:22-64
uses-permission#android.permission.VIBRATE
ADDED from src/main/AndroidManifest.xml:7:5-65
	android:name
		ADDED from src/main/AndroidManifest.xml:7:22-63
uses-permission#android.permission.RECORD_AUDIO
ADDED from src/main/AndroidManifest.xml:8:5-70
	android:name
		ADDED from src/main/AndroidManifest.xml:8:22-68
uses-permission#android.permission.CAMERA
ADDED from src/main/AndroidManifest.xml:9:5-64
	android:name
		ADDED from src/main/AndroidManifest.xml:9:22-62
uses-permission#android.permission.ACCESS_NETWORK_STATE
ADDED from src/main/AndroidManifest.xml:10:5-78
	android:name
		ADDED from src/main/AndroidManifest.xml:10:22-76
uses-permission#android.permission.WRITE_EXTERNAL_STORAGE
ADDED from src/main/AndroidManifest.xml:12:5-80
	android:name
		ADDED from src/main/AndroidManifest.xml:12:22-78
uses-permission#android.permission.MOUNT_UNMOUNT_FILESYSTEMS
ADDED from src/main/AndroidManifest.xml:13:5-83
	android:name
		ADDED from src/main/AndroidManifest.xml:13:22-81
uses-permission#android.permission.ACCESS_FINE_LOCATION
ADDED from src/main/AndroidManifest.xml:14:5-78
	android:name
		ADDED from src/main/AndroidManifest.xml:14:22-76
uses-permission#android.permission.GET_TASKS
ADDED from src/main/AndroidManifest.xml:15:5-67
	android:name
		ADDED from src/main/AndroidManifest.xml:15:22-65
uses-permission#android.permission.ACCESS_WIFI_STATE
ADDED from src/main/AndroidManifest.xml:16:5-75
	android:name
		ADDED from src/main/AndroidManifest.xml:16:22-73
uses-permission#android.permission.CHANGE_WIFI_STATE
ADDED from src/main/AndroidManifest.xml:17:5-75
	android:name
		ADDED from src/main/AndroidManifest.xml:17:22-73
uses-permission#android.permission.WAKE_LOCK
ADDED from src/main/AndroidManifest.xml:18:5-67
	android:name
		ADDED from src/main/AndroidManifest.xml:18:22-65
uses-permission#android.permission.MODIFY_AUDIO_SETTINGS
ADDED from src/main/AndroidManifest.xml:19:5-79
	android:name
		ADDED from src/main/AndroidManifest.xml:19:22-77
uses-permission#android.permission.READ_PHONE_STATE
ADDED from src/main/AndroidManifest.xml:20:5-74
	android:name
		ADDED from src/main/AndroidManifest.xml:20:22-72
uses-permission#android.permission.RECEIVE_BOOT_COMPLETED
ADDED from src/main/AndroidManifest.xml:21:5-80
	android:name
		ADDED from src/main/AndroidManifest.xml:21:22-78
uses-permission#android.permission.READ_EXTERNAL_STORAGE
ADDED from src/main/AndroidManifest.xml:22:5-79
	android:name
		ADDED from src/main/AndroidManifest.xml:22:22-77
uses-permission#android.permission.BLUETOOTH
ADDED from src/main/AndroidManifest.xml:23:5-68
	android:name
		ADDED from src/main/AndroidManifest.xml:23:22-65
uses-permission#android.permission.SYSTEM_ALERT_WINDOW
ADDED from src/main/AndroidManifest.xml:24:5-78
	android:name
		ADDED from src/main/AndroidManifest.xml:24:22-75
application
ADDED from src/main/AndroidManifest.xml:27:5-103:19
	android:supportsRtl
		ADDED from src/main/AndroidManifest.xml:31:9-35
	android:label
		ADDED from src/main/AndroidManifest.xml:30:9-41
	android:icon
		ADDED from src/main/AndroidManifest.xml:29:9-43
	android:allowBackup
		ADDED from src/main/AndroidManifest.xml:28:9-35
	android:theme
		ADDED from src/main/AndroidManifest.xml:32:9-40
activity#com.alivc.live.pusher.demo.ui.activity.MainActivity
ADDED from src/main/AndroidManifest.xml:33:9-38:20
	android:screenOrientation
		ADDED from src/main/AndroidManifest.xml:34:13-49
	android:windowSoftInputMode
		ADDED from src/main/AndroidManifest.xml:37:13-64
	android:configChanges
		ADDED from src/main/AndroidManifest.xml:35:13-48
	android:theme
		ADDED from src/main/AndroidManifest.xml:36:13-63
	android:name
		ADDED from src/main/AndroidManifest.xml:33:19-85
activity#com.alivc.live.pusher.demo.ui.activity.PushConfigActivity
ADDED from src/main/AndroidManifest.xml:40:9-44:20
	android:screenOrientation
		ADDED from src/main/AndroidManifest.xml:42:13-49
	android:launchMode
		ADDED from src/main/AndroidManifest.xml:41:13-44
	android:theme
		ADDED from src/main/AndroidManifest.xml:43:13-63
	android:name
		ADDED from src/main/AndroidManifest.xml:40:19-91
activity#com.alivc.live.pusher.demo.ui.activity.SecondActivity
ADDED from src/main/AndroidManifest.xml:46:9-50:20
	android:screenOrientation
		ADDED from src/main/AndroidManifest.xml:48:13-49
	android:launchMode
		ADDED from src/main/AndroidManifest.xml:47:13-44
	android:theme
		ADDED from src/main/AndroidManifest.xml:49:13-63
	android:name
		ADDED from src/main/AndroidManifest.xml:46:19-87
activity#com.alivc.live.pusher.demo.ui.activity.VideoRecordConfigActivity
ADDED from src/main/AndroidManifest.xml:52:9-57:20
	android:screenOrientation
		ADDED from src/main/AndroidManifest.xml:55:13-49
	android:launchMode
		ADDED from src/main/AndroidManifest.xml:53:13-44
	android:configChanges
		ADDED from src/main/AndroidManifest.xml:54:13-74
	android:theme
		ADDED from src/main/AndroidManifest.xml:56:13-63
	android:name
		ADDED from src/main/AndroidManifest.xml:52:19-98
activity#com.alivc.live.pusher.demo.ui.activity.LicenseActivity
ADDED from src/main/AndroidManifest.xml:59:9-63:20
	android:screenOrientation
		ADDED from src/main/AndroidManifest.xml:61:13-49
	android:launchMode
		ADDED from src/main/AndroidManifest.xml:60:13-44
	android:theme
		ADDED from src/main/AndroidManifest.xml:62:13-63
	android:name
		ADDED from src/main/AndroidManifest.xml:59:19-88
activity#com.alivc.live.pusher.demo.ui.activity.LivePushActivity
ADDED from src/main/AndroidManifest.xml:65:9-69:20
	android:launchMode
		ADDED from src/main/AndroidManifest.xml:66:13-44
	android:configChanges
		ADDED from src/main/AndroidManifest.xml:67:13-74
	android:theme
		ADDED from src/main/AndroidManifest.xml:68:13-63
	android:name
		ADDED from src/main/AndroidManifest.xml:65:19-89
activity#com.mob.tools.MobUIShell
ADDED from src/main/AndroidManifest.xml:71:9-98:20
	android:windowSoftInputMode
		ADDED from src/main/AndroidManifest.xml:75:13-67
	android:configChanges
		ADDED from src/main/AndroidManifest.xml:74:13-74
	android:theme
		ADDED from src/main/AndroidManifest.xml:73:13-72
	android:name
		ADDED from src/main/AndroidManifest.xml:72:13-52
intent-filter#android.intent.action.VIEW+android.intent.category.BROWSABLE+android.intent.category.DEFAULT
ADDED from src/main/AndroidManifest.xml:77:13-82:29
data
ADDED from src/main/AndroidManifest.xml:78:17-59
	android:scheme
		ADDED from src/main/AndroidManifest.xml:78:23-56
action#android.intent.action.VIEW
ADDED from src/main/AndroidManifest.xml:79:17-69
	android:name
		ADDED from src/main/AndroidManifest.xml:79:25-66
category#android.intent.category.BROWSABLE
ADDED from src/main/AndroidManifest.xml:80:17-78
	android:name
		ADDED from src/main/AndroidManifest.xml:80:27-75
category#android.intent.category.DEFAULT
ADDED from src/main/AndroidManifest.xml:81:17-76
	android:name
		ADDED from src/main/AndroidManifest.xml:81:27-73
intent-filter#android.intent.category.DEFAULT+com.sina.weibo.sdk.action.ACTION_SDK_REQ_ACTIVITY
ADDED from src/main/AndroidManifest.xml:85:13-88:29
action#com.sina.weibo.sdk.action.ACTION_SDK_REQ_ACTIVITY
ADDED from src/main/AndroidManifest.xml:86:17-92
	android:name
		ADDED from src/main/AndroidManifest.xml:86:25-89
meta-data#Mob-AppKey
ADDED from src/main/AndroidManifest.xml:101:9-77
	android:value
		ADDED from src/main/AndroidManifest.xml:101:46-75
	android:name
		ADDED from src/main/AndroidManifest.xml:101:20-45
meta-data#Mob-AppSecret
ADDED from src/main/AndroidManifest.xml:102:9-80
	android:value
		ADDED from src/main/AndroidManifest.xml:102:49-78
	android:name
		ADDED from src/main/AndroidManifest.xml:102:20-48
uses-sdk
INJECTED from src/main/AndroidManifest.xml reason: use-sdk injection requested
INJECTED from src/main/AndroidManifest.xml
INJECTED from src/main/AndroidManifest.xml
INJECTED from src/main/AndroidManifest.xml
INJECTED from src/main/AndroidManifest.xml
	android:targetSdkVersion
		INJECTED from src/main/AndroidManifest.xml
		ADDED from src/main/AndroidManifest.xml
		INJECTED from src/main/AndroidManifest.xml
	android:minSdkVersion
		INJECTED from src/main/AndroidManifest.xml
		ADDED from src/main/AndroidManifest.xml
		INJECTED from src/main/AndroidManifest.xml